[2022-11-26 22:19:23.863] [jointLog] [info] setting maxHashResizeThreads to 12
[2022-11-26 22:19:23.864] [jointLog] [info] Fragment incompatibility prior below threshold.  Incompatible fragments will be ignored.
[2022-11-26 22:19:23.864] [jointLog] [info] Usage of --validateMappings implies use of minScoreFraction. Since not explicitly specified, it is being set to 0.65
[2022-11-26 22:19:23.868] [jointLog] [info] Setting consensusSlack to selective-alignment default of 0.35.
[2022-11-26 22:19:23.868] [jointLog] [info] parsing read library format
[2022-11-26 22:19:23.868] [jointLog] [info] There is 1 library.
[2022-11-26 22:19:23.873] [jointLog] [info] Loading pufferfish index
[2022-11-26 22:19:23.875] [jointLog] [info] Loading dense pufferfish index.
[2022-11-26 22:19:23.937] [jointLog] [info] done
[2022-11-26 22:19:24.003] [jointLog] [info] Index contained 4,276 targets
[2022-11-26 22:19:24.007] [jointLog] [info] Number of decoys : 0
[2022-11-26 22:19:26.545] [jointLog] [info] Automatically detected most likely library type as U

[2022-11-26 22:19:59.649] [jointLog] [info] Computed 4,250 rich equivalence classes for further processing
[2022-11-26 22:19:59.649] [jointLog] [info] Counted 760,980 total reads in the equivalence classes 
[2022-11-26 22:19:59.651] [jointLog] [warning] 0.0630805% of fragments were shorter than the k used to build the index.
If this fraction is too large, consider re-building the index with a smaller k.
The minimum read size found was 15.


[2022-11-26 22:19:59.652] [jointLog] [info] Number of mappings discarded because of alignment score : 55,758
[2022-11-26 22:19:59.652] [jointLog] [info] Number of fragments entirely discarded because of alignment score : 52,665
[2022-11-26 22:19:59.652] [jointLog] [info] Number of fragments discarded because they are best-mapped to decoys : 0
[2022-11-26 22:19:59.652] [jointLog] [info] Number of fragments discarded because they have only dovetail (discordant) mappings to valid targets : 0
[2022-11-26 22:19:59.652] [jointLog] [warning] Only 760980 fragments were mapped, but the number of burn-in fragments was set to 5000000.
The effective lengths have been computed using the observed mappings.

[2022-11-26 22:19:59.652] [jointLog] [info] Mapping rate = 11.135%

[2022-11-26 22:19:59.652] [jointLog] [info] finished quantifyLibrary()
[2022-11-26 22:19:59.699] [jointLog] [info] Starting optimizer
[2022-11-26 22:19:59.754] [jointLog] [info] Marked 0 weighted equivalence classes as degenerate
[2022-11-26 22:19:59.754] [jointLog] [info] iteration = 0 | max rel diff. = 1060.17
[2022-11-26 22:19:59.847] [jointLog] [info] iteration = 100 | max rel diff. = 1.14312e-06
[2022-11-26 22:19:59.847] [jointLog] [info] Finished optimizer
[2022-11-26 22:19:59.847] [jointLog] [info] writing output 

[2022-11-26 22:19:59.878] [jointLog] [info] Computing gene-level abundance estimates
[2022-11-26 22:19:59.650] [fileLog] [info] 
At end of round 0
==================
Observed 6834121 total fragments (6834121 in most recent round)

