[2022-11-26 22:18:56.737] [jointLog] [info] setting maxHashResizeThreads to 12
[2022-11-26 22:18:56.738] [jointLog] [info] Fragment incompatibility prior below threshold.  Incompatible fragments will be ignored.
[2022-11-26 22:18:56.738] [jointLog] [info] Usage of --validateMappings implies use of minScoreFraction. Since not explicitly specified, it is being set to 0.65
[2022-11-26 22:18:56.742] [jointLog] [info] Setting consensusSlack to selective-alignment default of 0.35.
[2022-11-26 22:18:56.742] [jointLog] [info] parsing read library format
[2022-11-26 22:18:56.743] [jointLog] [info] There is 1 library.
[2022-11-26 22:18:56.747] [jointLog] [info] Loading pufferfish index
[2022-11-26 22:18:56.749] [jointLog] [info] Loading dense pufferfish index.
[2022-11-26 22:18:56.813] [jointLog] [info] done
[2022-11-26 22:18:56.880] [jointLog] [info] Index contained 4,276 targets
[2022-11-26 22:18:56.885] [jointLog] [info] Number of decoys : 0
[2022-11-26 22:18:59.646] [jointLog] [info] Automatically detected most likely library type as U

[2022-11-26 22:19:23.145] [jointLog] [info] Computed 4,186 rich equivalence classes for further processing
[2022-11-26 22:19:23.145] [jointLog] [info] Counted 514,683 total reads in the equivalence classes 
[2022-11-26 22:19:23.147] [jointLog] [warning] 0.315994% of fragments were shorter than the k used to build the index.
If this fraction is too large, consider re-building the index with a smaller k.
The minimum read size found was 15.


[2022-11-26 22:19:23.147] [jointLog] [info] Number of mappings discarded because of alignment score : 37,317
[2022-11-26 22:19:23.147] [jointLog] [info] Number of fragments entirely discarded because of alignment score : 35,180
[2022-11-26 22:19:23.147] [jointLog] [info] Number of fragments discarded because they are best-mapped to decoys : 0
[2022-11-26 22:19:23.147] [jointLog] [info] Number of fragments discarded because they have only dovetail (discordant) mappings to valid targets : 0
[2022-11-26 22:19:23.148] [jointLog] [warning] Only 514683 fragments were mapped, but the number of burn-in fragments was set to 5000000.
The effective lengths have been computed using the observed mappings.

[2022-11-26 22:19:23.148] [jointLog] [info] Mapping rate = 10.9174%

[2022-11-26 22:19:23.148] [jointLog] [info] finished quantifyLibrary()
[2022-11-26 22:19:23.187] [jointLog] [info] Starting optimizer
[2022-11-26 22:19:23.196] [jointLog] [info] Marked 0 weighted equivalence classes as degenerate
[2022-11-26 22:19:23.197] [jointLog] [info] iteration = 0 | max rel diff. = 490.789
[2022-11-26 22:19:23.245] [jointLog] [info] iteration = 100 | max rel diff. = 5.08009e-06
[2022-11-26 22:19:23.246] [jointLog] [info] Finished optimizer
[2022-11-26 22:19:23.246] [jointLog] [info] writing output 

[2022-11-26 22:19:23.286] [jointLog] [info] Computing gene-level abundance estimates
[2022-11-26 22:19:23.146] [fileLog] [info] 
At end of round 0
==================
Observed 4714334 total fragments (4714334 in most recent round)

