[2022-11-26 22:14:38.849] [jointLog] [info] setting maxHashResizeThreads to 12
[2022-11-26 22:14:38.850] [jointLog] [info] Fragment incompatibility prior below threshold.  Incompatible fragments will be ignored.
[2022-11-26 22:14:38.850] [jointLog] [info] Usage of --validateMappings implies use of minScoreFraction. Since not explicitly specified, it is being set to 0.65
[2022-11-26 22:14:38.858] [jointLog] [info] Setting consensusSlack to selective-alignment default of 0.35.
[2022-11-26 22:14:38.858] [jointLog] [info] parsing read library format
[2022-11-26 22:14:38.858] [jointLog] [info] There is 1 library.
[2022-11-26 22:14:38.863] [jointLog] [info] Loading pufferfish index
[2022-11-26 22:14:38.890] [jointLog] [info] Loading dense pufferfish index.
[2022-11-26 22:14:39.471] [jointLog] [info] done
[2022-11-26 22:14:39.587] [jointLog] [info] Index contained 4,276 targets
[2022-11-26 22:14:39.599] [jointLog] [info] Number of decoys : 0
[2022-11-26 22:14:42.845] [jointLog] [info] Automatically detected most likely library type as U

[2022-11-26 22:15:10.970] [fileLog] [info] 
At end of round 0
==================
Observed 5479276 total fragments (5479276 in most recent round)

[2022-11-26 22:15:10.970] [jointLog] [info] Computed 4,203 rich equivalence classes for further processing
[2022-11-26 22:15:10.970] [jointLog] [info] Counted 587,619 total reads in the equivalence classes 
[2022-11-26 22:15:10.972] [jointLog] [warning] 0.348842% of fragments were shorter than the k used to build the index.
If this fraction is too large, consider re-building the index with a smaller k.
The minimum read size found was 15.


[2022-11-26 22:15:10.972] [jointLog] [info] Number of mappings discarded because of alignment score : 40,936
[2022-11-26 22:15:10.972] [jointLog] [info] Number of fragments entirely discarded because of alignment score : 38,450
[2022-11-26 22:15:10.972] [jointLog] [info] Number of fragments discarded because they are best-mapped to decoys : 0
[2022-11-26 22:15:10.972] [jointLog] [info] Number of fragments discarded because they have only dovetail (discordant) mappings to valid targets : 0
[2022-11-26 22:15:10.972] [jointLog] [warning] Only 587619 fragments were mapped, but the number of burn-in fragments was set to 5000000.
The effective lengths have been computed using the observed mappings.

[2022-11-26 22:15:10.972] [jointLog] [info] Mapping rate = 10.7244%

[2022-11-26 22:15:10.972] [jointLog] [info] finished quantifyLibrary()
[2022-11-26 22:15:10.998] [jointLog] [info] Starting optimizer
[2022-11-26 22:15:11.052] [jointLog] [info] Marked 0 weighted equivalence classes as degenerate
[2022-11-26 22:15:11.053] [jointLog] [info] iteration = 0 | max rel diff. = 10066.2
[2022-11-26 22:15:11.111] [jointLog] [info] iteration = 100 | max rel diff. = 0.000635802
[2022-11-26 22:15:11.111] [jointLog] [info] Finished optimizer
[2022-11-26 22:15:11.111] [jointLog] [info] writing output 

[2022-11-26 22:15:11.167] [jointLog] [info] Computing gene-level abundance estimates
