[2022-11-26 22:21:17.806] [jointLog] [info] setting maxHashResizeThreads to 12
[2022-11-26 22:21:17.825] [jointLog] [info] Fragment incompatibility prior below threshold.  Incompatible fragments will be ignored.
[2022-11-26 22:21:17.825] [jointLog] [info] Usage of --validateMappings implies use of minScoreFraction. Since not explicitly specified, it is being set to 0.65
[2022-11-26 22:21:17.833] [jointLog] [info] Setting consensusSlack to selective-alignment default of 0.35.
[2022-11-26 22:21:17.833] [jointLog] [info] parsing read library format
[2022-11-26 22:21:17.834] [jointLog] [info] There is 1 library.
[2022-11-26 22:21:17.842] [jointLog] [info] Loading pufferfish index
[2022-11-26 22:21:17.867] [jointLog] [info] Loading dense pufferfish index.
[2022-11-26 22:21:18.381] [jointLog] [info] done
[2022-11-26 22:21:18.478] [jointLog] [info] Index contained 4,276 targets
[2022-11-26 22:21:18.488] [jointLog] [info] Number of decoys : 0
[2022-11-26 22:21:21.297] [jointLog] [info] Automatically detected most likely library type as U

[2022-11-26 22:21:56.299] [fileLog] [info] 
At end of round 0
==================
Observed 6639938 total fragments (6639938 in most recent round)

[2022-11-26 22:21:56.299] [jointLog] [info] Computed 4,248 rich equivalence classes for further processing
[2022-11-26 22:21:56.299] [jointLog] [info] Counted 738,161 total reads in the equivalence classes 
[2022-11-26 22:21:56.301] [jointLog] [warning] 0.0679524% of fragments were shorter than the k used to build the index.
If this fraction is too large, consider re-building the index with a smaller k.
The minimum read size found was 15.


[2022-11-26 22:21:56.301] [jointLog] [info] Number of mappings discarded because of alignment score : 52,987
[2022-11-26 22:21:56.301] [jointLog] [info] Number of fragments entirely discarded because of alignment score : 50,010
[2022-11-26 22:21:56.301] [jointLog] [info] Number of fragments discarded because they are best-mapped to decoys : 0
[2022-11-26 22:21:56.301] [jointLog] [info] Number of fragments discarded because they have only dovetail (discordant) mappings to valid targets : 0
[2022-11-26 22:21:56.301] [jointLog] [warning] Only 738161 fragments were mapped, but the number of burn-in fragments was set to 5000000.
The effective lengths have been computed using the observed mappings.

[2022-11-26 22:21:56.301] [jointLog] [info] Mapping rate = 11.117%

[2022-11-26 22:21:56.301] [jointLog] [info] finished quantifyLibrary()
[2022-11-26 22:21:56.328] [jointLog] [info] Starting optimizer
[2022-11-26 22:21:56.371] [jointLog] [info] Marked 0 weighted equivalence classes as degenerate
[2022-11-26 22:21:56.372] [jointLog] [info] iteration = 0 | max rel diff. = 14225.9
[2022-11-26 22:21:56.421] [jointLog] [info] iteration = 100 | max rel diff. = 0.00136045
[2022-11-26 22:21:56.421] [jointLog] [info] Finished optimizer
[2022-11-26 22:21:56.421] [jointLog] [info] writing output 

[2022-11-26 22:21:56.474] [jointLog] [info] Computing gene-level abundance estimates
