[2022-11-26 22:13:35.742] [jointLog] [info] setting maxHashResizeThreads to 12
[2022-11-26 22:13:35.760] [jointLog] [info] Fragment incompatibility prior below threshold.  Incompatible fragments will be ignored.
[2022-11-26 22:13:35.760] [jointLog] [info] Usage of --validateMappings implies use of minScoreFraction. Since not explicitly specified, it is being set to 0.65
[2022-11-26 22:13:35.766] [jointLog] [info] Setting consensusSlack to selective-alignment default of 0.35.
[2022-11-26 22:13:35.766] [jointLog] [info] parsing read library format
[2022-11-26 22:13:35.767] [jointLog] [info] There is 1 library.
[2022-11-26 22:13:35.773] [jointLog] [info] Loading pufferfish index
[2022-11-26 22:13:35.793] [jointLog] [info] Loading dense pufferfish index.
[2022-11-26 22:13:36.298] [jointLog] [info] done
[2022-11-26 22:13:36.372] [jointLog] [info] Index contained 4,276 targets
[2022-11-26 22:13:36.407] [jointLog] [info] Number of decoys : 0
[2022-11-26 22:13:39.111] [jointLog] [info] Automatically detected most likely library type as U

[2022-11-26 22:14:05.809] [jointLog] [info] Computed 4,210 rich equivalence classes for further processing
[2022-11-26 22:14:05.809] [jointLog] [info] Counted 593,666 total reads in the equivalence classes 
[2022-11-26 22:14:05.811] [jointLog] [warning] 0.0644906% of fragments were shorter than the k used to build the index.
If this fraction is too large, consider re-building the index with a smaller k.
The minimum read size found was 15.


[2022-11-26 22:14:05.811] [jointLog] [info] Number of mappings discarded because of alignment score : 42,039
[2022-11-26 22:14:05.811] [jointLog] [info] Number of fragments entirely discarded because of alignment score : 39,510
[2022-11-26 22:14:05.811] [jointLog] [info] Number of fragments discarded because they are best-mapped to decoys : 0
[2022-11-26 22:14:05.811] [jointLog] [info] Number of fragments discarded because they have only dovetail (discordant) mappings to valid targets : 0
[2022-11-26 22:14:05.812] [jointLog] [warning] Only 593666 fragments were mapped, but the number of burn-in fragments was set to 5000000.
The effective lengths have been computed using the observed mappings.

[2022-11-26 22:14:05.812] [jointLog] [info] Mapping rate = 10.6884%

[2022-11-26 22:14:05.812] [jointLog] [info] finished quantifyLibrary()
[2022-11-26 22:14:05.852] [jointLog] [info] Starting optimizer
[2022-11-26 22:14:05.897] [jointLog] [info] Marked 0 weighted equivalence classes as degenerate
[2022-11-26 22:14:05.897] [jointLog] [info] iteration = 0 | max rel diff. = 250.423
[2022-11-26 22:14:05.810] [fileLog] [info] 
At end of round 0
==================
Observed 5554299 total fragments (5554299 in most recent round)

[2022-11-26 22:14:05.949] [jointLog] [info] iteration = 100 | max rel diff. = 0.12407
[2022-11-26 22:14:05.953] [jointLog] [info] iteration = 110 | max rel diff. = 0.000959702
[2022-11-26 22:14:05.954] [jointLog] [info] Finished optimizer
[2022-11-26 22:14:05.954] [jointLog] [info] writing output 

[2022-11-26 22:14:05.991] [jointLog] [info] Computing gene-level abundance estimates
